#
# A fatal error has been detected by the Java Runtime Environment:
#
#  EXCEPTION_STACK_OVERFLOW (0xc00000fd) at pc=0x00000000689f3e67, pid=5408, tid=0x000000000000646c
#
# JRE version: Java(TM) SE Runtime Environment (8.0_162-b12) (build 1.8.0_162-b12)
# Java VM: Java HotSpot(TM) 64-Bit Server VM (25.162-b12 mixed mode windows-amd64 compressed oops)
# Problematic frame:
# V  [jvm.dll+0x213e67]
#
# Failed to write core dump. Minidumps are not enabled by default on client versions of Windows
#
# If you would like to submit a bug report, please visit:
#   http://bugreport.java.com/bugreport/crash.jsp
#

---------------  T H R E A D  ---------------

Current thread (0x000000001b103800):  JavaThread "container-0" [_thread_in_vm, id=25708, stack(0x000000001f310000,0x000000001f410000)]

siginfo: ExceptionCode=0xc00000fd, ExceptionInformation=0x0000000000000001 0x000000001f40df60 

Registers:
RAX=0x000000001f40df60, RBX=0x0000000000000002, RCX=0x0000000000001000, RDX=0x0000000000000006
RSP=0x000000001f40ef60, RBP=0x0000000000000000, RSI=0x000000001f40ef60, RDI=0x0000000000000002
R8 =0x0000000000000006, R9 =0x000000001da96b20, R10=0x000000001f02a010, R11=0x000000001f31a148
R12=0x000000001da96b20, R13=0x000000001b103800, R14=0x000000001f40f028, R15=0x000000001f02a010
RIP=0x00000000689f3e67, EFLAGS=0x0000000000010206

Top of Stack: (sp=0x000000001f40ef60)
0x000000001f40ef60:   0000000068e0f6a0 00000001000069a0
0x000000001f40ef70:   000000001b103800 000000001da96b20
0x000000001f40ef80:   00000000ffffffff 00000000689f4d97
0x000000001f40ef90:   000000001f40f090 000000001f02a010
0x000000001f40efa0:   000000001b103800 00000000688a0483
0x000000001f40efb0:   000000001f40eff0 000000001b103800
0x000000001f40efc0:   000000001f40f080 000000001b103800
0x000000001f40efd0:   000000001f02a010 000000001b103800
0x000000001f40efe0:   0000000002e13be0 000000001b103800
0x000000001f40eff0:   000000001f02a010 000000001b103800
0x000000001f40f000:   0000000016f7d4c0 000000001b103800
0x000000001f40f010:   0000000000000001 000000001f02a010
0x000000001f40f020:   000000001b103800 000000001d8f2400
0x000000001f40f030:   000000001b103800 00000000688a1bed
0x000000001f40f040:   000000001f40f348 00000001000069a0
0x000000001f40f050:   0000000100611e28 00007ffec7f48be7 

Instructions: (pc=0x00000000689f3e67)
0x00000000689f3e47:   48 89 6c 24 30 33 ed 66 90 e8 ab 3f 08 00 ff c3
0x00000000689f3e57:   48 63 c8 48 8b c6 48 0f af cf 48 ff c7 48 2b c1
0x00000000689f3e67:   89 28 48 63 c3 48 3b 05 65 68 59 00 7e db 48 8b
0x00000000689f3e77:   6c 24 30 48 8b 5c 24 38 48 8b 74 24 40 48 83 c4 


Register to memory mapping:

RAX=0x000000001f40df60 is pointing into the stack for thread: 0x000000001b103800
RBX=0x0000000000000002 is an unknown value
RCX=0x0000000000001000 is an unknown value
RDX=0x0000000000000006 is an unknown value
RSP=0x000000001f40ef60 is pointing into the stack for thread: 0x000000001b103800
RBP=0x0000000000000000 is an unknown value
RSI=0x000000001f40ef60 is pointing into the stack for thread: 0x000000001b103800
RDI=0x0000000000000002 is an unknown value
R8 =0x0000000000000006 is an unknown value
R9 =0x000000001da96b20 is an unknown value
R10={method} {0x000000001f02a018} 'run' '()V' in 'org/springframework/boot/web/embedded/tomcat/TomcatWebServer$1'
R11=0x000000001f31a148 is pointing into the stack for thread: 0x000000001b103800
R12=0x000000001da96b20 is an unknown value
R13=0x000000001b103800 is a thread
R14=0x000000001f40f028 is pointing into the stack for thread: 0x000000001b103800
R15={method} {0x000000001f02a018} 'run' '()V' in 'org/springframework/boot/web/embedded/tomcat/TomcatWebServer$1'


Stack: [0x000000001f310000,0x000000001f410000],  sp=0x000000001f40ef60,  free space=1019k
Native frames: (J=compiled Java code, j=interpreted, Vv=VM code, C=native code)


---------------  P R O C E S S  ---------------

Java Threads: ( => current thread )
=>0x000000001b103800 JavaThread "container-0" [_thread_in_vm, id=25708, stack(0x000000001f310000,0x000000001f410000)]
  0x000000001b103000 JavaThread "ContainerBackgroundProcessor[StandardEngine[Tomcat]]" daemon [_thread_blocked, id=26000, stack(0x000000001f210000,0x000000001f310000)]
  0x000000001b102000 JavaThread "localhost-startStop-1" daemon [_thread_blocked, id=26344, stack(0x000000001ef10000,0x000000001f010000)]
  0x000000001b0fd800 JavaThread "Tomcat-startStop-1" daemon [_thread_blocked, id=9500, stack(0x000000001ee10000,0x000000001ef10000)]
  0x000000001b100000 JavaThread "DiscoveryClient-0" daemon [_thread_blocked, id=17300, stack(0x000000001d340000,0x000000001d440000)]
  0x000000001b100800 JavaThread "AsyncResolver-bootstrap-0" daemon [_thread_blocked, id=22804, stack(0x000000001d140000,0x000000001d240000)]
  0x000000001b0ff000 JavaThread "Eureka-JerseyClient-Conn-Cleaner2" daemon [_thread_blocked, id=13284, stack(0x000000001cd40000,0x000000001ce40000)]
  0x000000001b0fe800 JavaThread "spring.cloud.inetutils" daemon [_thread_blocked, id=21996, stack(0x000000001ca40000,0x000000001cb40000)]
  0x0000000019962800 JavaThread "RMI Scheduler(0)" daemon [_thread_blocked, id=21896, stack(0x000000001a670000,0x000000001a770000)]
  0x0000000019961800 JavaThread "RMI TCP Connection(2)-127.0.0.1" daemon [_thread_in_native, id=18336, stack(0x000000001a570000,0x000000001a670000)]
  0x000000001993c000 JavaThread "RMI TCP Connection(1)-127.0.0.1" daemon [_thread_in_native, id=26076, stack(0x000000001a470000,0x000000001a570000)]
  0x00000000198c3800 JavaThread "RMI TCP Accept-0" daemon [_thread_in_native, id=26576, stack(0x000000001a270000,0x000000001a370000)]
  0x00000000198ad800 JavaThread "RMI TCP Accept-8520" daemon [_thread_in_native, id=25312, stack(0x000000001a170000,0x000000001a270000)]
  0x00000000198a1800 JavaThread "RMI TCP Accept-0" daemon [_thread_in_native, id=21552, stack(0x000000001a070000,0x000000001a170000)]
  0x0000000019671800 JavaThread "Service Thread" daemon [_thread_blocked, id=24480, stack(0x0000000019e70000,0x0000000019f70000)]
  0x000000001966b800 JavaThread "C1 CompilerThread2" daemon [_thread_blocked, id=19776, stack(0x0000000019d70000,0x0000000019e70000)]
  0x0000000019604000 JavaThread "C2 CompilerThread1" daemon [_thread_blocked, id=7248, stack(0x0000000019c70000,0x0000000019d70000)]
  0x00000000194b6000 JavaThread "C2 CompilerThread0" daemon [_thread_blocked, id=19736, stack(0x0000000019b70000,0x0000000019c70000)]
  0x00000000195e7000 JavaThread "Monitor Ctrl-Break" daemon [_thread_in_native, id=22968, stack(0x0000000019a70000,0x0000000019b70000)]
  0x0000000018cb2800 JavaThread "Attach Listener" daemon [_thread_blocked, id=14300, stack(0x0000000019170000,0x0000000019270000)]
  0x000000001790c000 JavaThread "Signal Dispatcher" daemon [_thread_blocked, id=3672, stack(0x0000000019070000,0x0000000019170000)]
  0x00000000178e3000 JavaThread "Finalizer" daemon [_thread_blocked, id=19048, stack(0x0000000018b70000,0x0000000018c70000)]
  0x0000000002c4c000 JavaThread "Reference Handler" daemon [_thread_blocked, id=15500, stack(0x0000000018a70000,0x0000000018b70000)]
  0x0000000002b5d000 JavaThread "main" [_thread_blocked, id=26248, stack(0x0000000002a50000,0x0000000002b50000)]

Other Threads:
  0x00000000178b7000 VMThread [stack: 0x0000000018970000,0x0000000018a70000] [id=22512]
  0x000000001991e800 WatcherThread [stack: 0x000000001a370000,0x000000001a470000] [id=22420]

VM state:synchronizing (normal execution)

VM Mutex/Monitor currently owned by a thread:  ([mutex/lock_event])
[0x0000000002b51e50] Threads_lock - owner thread: 0x00000000178b7000

Heap:
 PSYoungGen      total 112128K, used 107667K [0x00000000d6000000, 0x00000000dd880000, 0x0000000100000000)
  eden space 100864K, 99% used [0x00000000d6000000,0x00000000dc1a3628,0x00000000dc280000)
  from space 11264K, 68% used [0x00000000dc280000,0x00000000dca01688,0x00000000dcd80000)
  to   space 9728K, 0% used [0x00000000dce00000,0x00000000dce00000,0x00000000dd780000)
 ParOldGen       total 61952K, used 18469K [0x0000000082000000, 0x0000000085c80000, 0x00000000d6000000)
  object space 61952K, 29% used [0x0000000082000000,0x00000000832095a8,0x0000000085c80000)
 Metaspace       used 43346K, capacity 45178K, committed 45440K, reserved 1089536K
  class space    used 5888K, capacity 6227K, committed 6272K, reserved 1048576K

Card table byte_map: [0x00000000121c0000,0x00000000125c0000] byte_map_base: 0x0000000011db0000

Marking Bits: (ParMarkBitMap*) 0x0000000069000860
 Begin Bits: [0x0000000012c60000, 0x0000000014be0000)
 End Bits:   [0x0000000014be0000, 0x0000000016b60000)

Polling page: 0x0000000000820000

CodeCache: size=245760Kb used=8979Kb max_used=8979Kb free=236780Kb
 bounds [0x0000000002e00000, 0x00000000036d0000, 0x0000000011e00000]
 total_blobs=4893 nmethods=4405 adapters=400
 compilation: enabled

Compilation events (10 events):
Event: 12.164 Thread 0x000000001966b800 4459   !   1       java.text.SimpleDateFormat::zeroPaddingNumber (270 bytes)
Event: 12.166 Thread 0x000000001966b800 nmethod 4459 0x00000000036bf6d0 code [0x00000000036bfa60, 0x00000000036c2158]
Event: 12.182 Thread 0x000000001966b800 4460       1       java.util.concurrent.locks.ReentrantReadWriteLock$FairSync::readerShouldBlock (5 bytes)
Event: 12.182 Thread 0x000000001966b800 nmethod 4460 0x00000000036c47d0 code [0x00000000036c4920, 0x00000000036c4a48]
Event: 12.182 Thread 0x000000001966b800 4461       1       com.sun.jmx.mbeanserver.Repository::retrieveNamedObject (63 bytes)
Event: 12.182 Thread 0x000000001966b800 nmethod 4461 0x00000000036c4ad0 code [0x00000000036c4c80, 0x00000000036c4fa8]
Event: 12.182 Thread 0x000000001966b800 4462       1       org.apache.catalina.LifecycleState::getLifecycleEvent (5 bytes)
Event: 12.182 Thread 0x000000001966b800 nmethod 4462 0x00000000036c5210 code [0x00000000036c5360, 0x00000000036c5470]
Event: 12.187 Thread 0x000000001966b800 4463       1       java.util.ResourceBundle::isValidBundle (17 bytes)
Event: 12.187 Thread 0x000000001966b800 nmethod 4463 0x00000000036c54d0 code [0x00000000036c5620, 0x00000000036c5750]

GC Heap History (10 events):
Event: 10.456 GC heap before
{Heap before GC invocations=11 (full 1):
 PSYoungGen      total 112128K, used 11150K [0x00000000d6000000, 0x00000000dd880000, 0x0000000100000000)
  eden space 100864K, 2% used [0x00000000d6000000,0x00000000d62b97c8,0x00000000dc280000)
  from space 11264K, 74% used [0x00000000dc280000,0x00000000dcaaa2a0,0x00000000dcd80000)
  to   space 9728K, 0% used [0x00000000dce00000,0x00000000dce00000,0x00000000dd780000)
 ParOldGen       total 52736K, used 10467K [0x0000000082000000, 0x0000000085380000, 0x00000000d6000000)
  object space 52736K, 19% used [0x0000000082000000,0x0000000082a38db0,0x0000000085380000)
 Metaspace       used 34103K, capacity 35332K, committed 35456K, reserved 1079296K
  class space    used 4612K, capacity 4886K, committed 4992K, reserved 1048576K
Event: 10.461 GC heap after
Heap after GC invocations=11 (full 1):
 PSYoungGen      total 110592K, used 1973K [0x00000000d6000000, 0x00000000dd880000, 0x0000000100000000)
  eden space 100864K, 0% used [0x00000000d6000000,0x00000000d6000000,0x00000000dc280000)
  from space 9728K, 20% used [0x00000000dce00000,0x00000000dcfed6e8,0x00000000dd780000)
  to   space 11264K, 0% used [0x00000000dc280000,0x00000000dc280000,0x00000000dcd80000)
 ParOldGen       total 52736K, used 15379K [0x0000000082000000, 0x0000000085380000, 0x00000000d6000000)
  object space 52736K, 29% used [0x0000000082000000,0x0000000082f04d38,0x0000000085380000)
 Metaspace       used 34103K, capacity 35332K, committed 35456K, reserved 1079296K
  class space    used 4612K, capacity 4886K, committed 4992K, reserved 1048576K
}
Event: 10.461 GC heap before
{Heap before GC invocations=12 (full 2):
 PSYoungGen      total 110592K, used 1973K [0x00000000d6000000, 0x00000000dd880000, 0x0000000100000000)
  eden space 100864K, 0% used [0x00000000d6000000,0x00000000d6000000,0x00000000dc280000)
  from space 9728K, 20% used [0x00000000dce00000,0x00000000dcfed6e8,0x00000000dd780000)
  to   space 11264K, 0% used [0x00000000dc280000,0x00000000dc280000,0x00000000dcd80000)
 ParOldGen       total 52736K, used 15379K [0x0000000082000000, 0x0000000085380000, 0x00000000d6000000)
  object space 52736K, 29% used [0x0000000082000000,0x0000000082f04d38,0x0000000085380000)
 Metaspace       used 34103K, capacity 35332K, committed 35456K, reserved 1079296K
  class space    used 4612K, capacity 4886K, committed 4992K, reserved 1048576K
Event: 10.513 GC heap after
Heap after GC invocations=12 (full 2):
 PSYoungGen      total 110592K, used 0K [0x00000000d6000000, 0x00000000dd880000, 0x0000000100000000)
  eden space 100864K, 0% used [0x00000000d6000000,0x00000000d6000000,0x00000000dc280000)
  from space 9728K, 0% used [0x00000000dce00000,0x00000000dce00000,0x00000000dd780000)
  to   space 11264K, 0% used [0x00000000dc280000,0x00000000dc280000,0x00000000dcd80000)
 ParOldGen       total 61952K, used 13365K [0x0000000082000000, 0x0000000085c80000, 0x00000000d6000000)
  object space 61952K, 21% used [0x0000000082000000,0x0000000082d0d588,0x0000000085c80000)
 Metaspace       used 34103K, capacity 35332K, committed 35456K, reserved 1079296K
  class space    used 4612K, capacity 4886K, committed 4992K, reserved 1048576K
}
Event: 10.896 GC heap before
{Heap before GC invocations=13 (full 2):
 PSYoungGen      total 110592K, used 100864K [0x00000000d6000000, 0x00000000dd880000, 0x0000000100000000)
  eden space 100864K, 100% used [0x00000000d6000000,0x00000000dc280000,0x00000000dc280000)
  from space 9728K, 0% used [0x00000000dce00000,0x00000000dce00000,0x00000000dd780000)
  to   space 11264K, 0% used [0x00000000dc280000,0x00000000dc280000,0x00000000dcd80000)
 ParOldGen       total 61952K, used 13365K [0x0000000082000000, 0x0000000085c80000, 0x00000000d6000000)
  object space 61952K, 21% used [0x0000000082000000,0x0000000082d0d588,0x0000000085c80000)
 Metaspace       used 36559K, capacity 38058K, committed 38400K, reserved 1083392K
  class space    used 4959K, capacity 5257K, committed 5376K, reserved 1048576K
Event: 10.900 GC heap after
Heap after GC invocations=13 (full 2):
 PSYoungGen      total 112128K, used 6344K [0x00000000d6000000, 0x00000000dd880000, 0x0000000100000000)
  eden space 100864K, 0% used [0x00000000d6000000,0x00000000d6000000,0x00000000dc280000)
  from space 11264K, 56% used [0x00000000dc280000,0x00000000dc8b2100,0x00000000dcd80000)
  to   space 9728K, 0% used [0x00000000dce00000,0x00000000dce00000,0x00000000dd780000)
 ParOldGen       total 61952K, used 13373K [0x0000000082000000, 0x0000000085c80000, 0x00000000d6000000)
  object space 61952K, 21% used [0x0000000082000000,0x0000000082d0f588,0x0000000085c80000)
 Metaspace       used 36559K, capacity 38058K, committed 38400K, reserved 1083392K
  class space    used 4959K, capacity 5257K, committed 5376K, reserved 1048576K
}
Event: 11.308 GC heap before
{Heap before GC invocations=14 (full 2):
 PSYoungGen      total 112128K, used 107208K [0x00000000d6000000, 0x00000000dd880000, 0x0000000100000000)
  eden space 100864K, 100% used [0x00000000d6000000,0x00000000dc280000,0x00000000dc280000)
  from space 11264K, 56% used [0x00000000dc280000,0x00000000dc8b2100,0x00000000dcd80000)
  to   space 9728K, 0% used [0x00000000dce00000,0x00000000dce00000,0x00000000dd780000)
 ParOldGen       total 61952K, used 13373K [0x0000000082000000, 0x0000000085c80000, 0x00000000d6000000)
  object space 61952K, 21% used [0x0000000082000000,0x0000000082d0f588,0x0000000085c80000)
 Metaspace       used 39015K, capacity 40502K, committed 40704K, reserved 1085440K
  class space    used 5320K, capacity 5617K, committed 5632K, reserved 1048576K
Event: 11.313 GC heap after
Heap after GC invocations=14 (full 2):
 PSYoungGen      total 110592K, used 4455K [0x00000000d6000000, 0x00000000dd880000, 0x0000000100000000)
  eden space 100864K, 0% used [0x00000000d6000000,0x00000000d6000000,0x00000000dc280000)
  from space 9728K, 45% used [0x00000000dce00000,0x00000000dd259e70,0x00000000dd780000)
  to   space 11264K, 0% used [0x00000000dc280000,0x00000000dc280000,0x00000000dcd80000)
 ParOldGen       total 61952K, used 16029K [0x0000000082000000, 0x0000000085c80000, 0x00000000d6000000)
  object space 61952K, 25% used [0x0000000082000000,0x0000000082fa7588,0x0000000085c80000)
 Metaspace       used 39015K, capacity 40502K, committed 40704K, reserved 1085440K
  class space    used 5320K, capacity 5617K, committed 5632K, reserved 1048576K
}
Event: 11.851 GC heap before
{Heap before GC invocations=15 (full 2):
 PSYoungGen      total 110592K, used 105319K [0x00000000d6000000, 0x00000000dd880000, 0x0000000100000000)
  eden space 100864K, 100% used [0x00000000d6000000,0x00000000dc280000,0x00000000dc280000)
  from space 9728K, 45% used [0x00000000dce00000,0x00000000dd259e70,0x00000000dd780000)
  to   space 11264K, 0% used [0x00000000dc280000,0x00000000dc280000,0x00000000dcd80000)
 ParOldGen       total 61952K, used 16029K [0x0000000082000000, 0x0000000085c80000, 0x00000000d6000000)
  object space 61952K, 25% used [0x0000000082000000,0x0000000082fa7588,0x0000000085c80000)
 Metaspace       used 41607K, capacity 43446K, committed 43776K, reserved 1087488K
  class space    used 5697K, capacity 6059K, committed 6144K, reserved 1048576K
Event: 11.859 GC heap after
Heap after GC invocations=15 (full 2):
 PSYoungGen      total 112128K, used 7685K [0x00000000d6000000, 0x00000000dd880000, 0x0000000100000000)
  eden space 100864K, 0% used [0x00000000d6000000,0x00000000d6000000,0x00000000dc280000)
  from space 11264K, 68% used [0x00000000dc280000,0x00000000dca01688,0x00000000dcd80000)
  to   space 9728K, 0% used [0x00000000dce00000,0x00000000dce00000,0x00000000dd780000)
 ParOldGen       total 61952K, used 18469K [0x0000000082000000, 0x0000000085c80000, 0x00000000d6000000)
  object space 61952K, 29% used [0x0000000082000000,0x00000000832095a8,0x0000000085c80000)
 Metaspace       used 41607K, capacity 43446K, committed 43776K, reserved 1087488K
  class space    used 5697K, capacity 6059K, committed 6144K, reserved 1048576K
}

Deoptimization events (0 events):
No events

Classes redefined (0 events):
No events

Internal exceptions (10 events):
Event: 12.146 Thread 0x000000001b102000 Exception <a 'java/lang/ClassNotFoundException': org/springframework/boot/web/servlet/filter/OrderedCharacterEncodingFilterCustomizer> (0x00000000dba7cb68) thrown at [C:\re\workspace\8-2-build-windows-amd64-cygwin\jdk8u162\10278\hotspot\src\share\vm\class
Event: 12.146 Thread 0x000000001b102000 Exception <a 'java/lang/ClassNotFoundException': org/springframework/core/OrderedCustomizer> (0x00000000dbaabdb8) thrown at [C:\re\workspace\8-2-build-windows-amd64-cygwin\jdk8u162\10278\hotspot\src\share\vm\classfile\systemDictionary.cpp, line 210]
Event: 12.147 Thread 0x000000001b102000 Exception <a 'java/lang/ClassNotFoundException': javax/servlet/FilterCustomizer> (0x00000000dbac9600) thrown at [C:\re\workspace\8-2-build-windows-amd64-cygwin\jdk8u162\10278\hotspot\src\share\vm\classfile\systemDictionary.cpp, line 210]
Event: 12.147 Thread 0x000000001b102000 Exception <a 'java/lang/ClassNotFoundException': org/springframework/beans/factory/BeanNameAwareCustomizer> (0x00000000dbaf5fd8) thrown at [C:\re\workspace\8-2-build-windows-amd64-cygwin\jdk8u162\10278\hotspot\src\share\vm\classfile\systemDictionary.cpp, 
Event: 12.148 Thread 0x000000001b102000 Exception <a 'java/lang/ClassNotFoundException': org/springframework/context/EnvironmentAwareCustomizer> (0x00000000dbb20bd0) thrown at [C:\re\workspace\8-2-build-windows-amd64-cygwin\jdk8u162\10278\hotspot\src\share\vm\classfile\systemDictionary.cpp, lin
Event: 12.148 Thread 0x000000001b102000 Exception <a 'java/lang/ClassNotFoundException': org/springframework/core/env/EnvironmentCapableCustomizer> (0x00000000dbb4ced8) thrown at [C:\re\workspace\8-2-build-windows-amd64-cygwin\jdk8u162\10278\hotspot\src\share\vm\classfile\systemDictionary.cpp, 
Event: 12.148 Thread 0x000000001b102000 Exception <a 'java/lang/ClassNotFoundException': org/springframework/web/context/ServletContextAwareCustomizer> (0x00000000dbb7c2a8) thrown at [C:\re\workspace\8-2-build-windows-amd64-cygwin\jdk8u162\10278\hotspot\src\share\vm\classfile\systemDictionary.c
Event: 12.149 Thread 0x000000001b102000 Exception <a 'java/lang/ClassNotFoundException': org/springframework/beans/factory/InitializingBeanCustomizer> (0x00000000dbbaa9d8) thrown at [C:\re\workspace\8-2-build-windows-amd64-cygwin\jdk8u162\10278\hotspot\src\share\vm\classfile\systemDictionary.cp
Event: 12.149 Thread 0x000000001b102000 Exception <a 'java/lang/ClassNotFoundException': org/springframework/beans/factory/DisposableBeanCustomizer> (0x00000000dbbd6770) thrown at [C:\re\workspace\8-2-build-windows-amd64-cygwin\jdk8u162\10278\hotspot\src\share\vm\classfile\systemDictionary.cpp,
Event: 12.180 Thread 0x000000001b102000 Exception <a 'java/io/FileNotFoundException'> (0x00000000dc0b0eb0) thrown at [C:\re\workspace\8-2-build-windows-amd64-cygwin\jdk8u162\10278\hotspot\src\share\vm\prims\jni.cpp, line 709]

Events (10 events):
Event: 12.187 loading class org/apache/naming/LocalStrings_zh_Hans done
Event: 12.187 loading class org/apache/naming/LocalStrings_zh_Hans_CN
Event: 12.187 loading class org/apache/naming/LocalStrings_zh_Hans_CN done
Event: 12.187 loading class org/apache/naming/ContextAccessController
Event: 12.187 loading class org/apache/naming/ContextAccessController done
Event: 12.188 loading class org/springframework/boot/web/embedded/tomcat/TomcatWebServer$1
Event: 12.188 loading class org/springframework/boot/web/embedded/tomcat/TomcatWebServer$1 done
Event: 12.188 Thread 0x000000001b103800 Thread added: 0x000000001b103800
Event: 12.188 loading class org/springframework/web/context/support/ServletContextPropertySource
Event: 12.188 loading class org/springframework/web/context/support/ServletContextPropertySource done


Dynamic libraries:
0x00007ff79da00000 - 0x00007ff79da37000 	D:\Program Files\Java\jdk1.8.0_162\bin\java.exe
0x00007ffec7f00000 - 0x00007ffec80ed000 	C:\WINDOWS\SYSTEM32\ntdll.dll
0x00007ffec6ff0000 - 0x00007ffec70a3000 	C:\WINDOWS\System32\KERNEL32.DLL
0x00007ffec42f0000 - 0x00007ffec4583000 	C:\WINDOWS\System32\KERNELBASE.dll
0x00007ffec7190000 - 0x00007ffec7233000 	C:\WINDOWS\System32\ADVAPI32.dll
0x00007ffec7d00000 - 0x00007ffec7d9e000 	C:\WINDOWS\System32\msvcrt.dll
0x00007ffec5200000 - 0x00007ffec529e000 	C:\WINDOWS\System32\sechost.dll
0x00007ffec7da0000 - 0x00007ffec7ec2000 	C:\WINDOWS\System32\RPCRT4.dll
0x00007ffec7390000 - 0x00007ffec7527000 	C:\WINDOWS\System32\USER32.dll
0x00007ffec4590000 - 0x00007ffec45b0000 	C:\WINDOWS\System32\win32u.dll
0x00007ffec75e0000 - 0x00007ffec7609000 	C:\WINDOWS\System32\GDI32.dll
0x00007ffec4030000 - 0x00007ffec41ca000 	C:\WINDOWS\System32\gdi32full.dll
0x00007ffec41d0000 - 0x00007ffec4270000 	C:\WINDOWS\System32\msvcp_win.dll
0x00007ffec5030000 - 0x00007ffec512c000 	C:\WINDOWS\System32\ucrtbase.dll
0x00007ffeb7230000 - 0x00007ffeb74a9000 	C:\WINDOWS\WinSxS\amd64_microsoft.windows.common-controls_6595b64144ccf1df_6.0.17763.316_none_05b53be2071f46b6\COMCTL32.dll
0x00007ffec6a70000 - 0x00007ffec6d9d000 	C:\WINDOWS\System32\combase.dll
0x00007ffec4fb0000 - 0x00007ffec502e000 	C:\WINDOWS\System32\bcryptPrimitives.dll
0x00007ffec6da0000 - 0x00007ffec6dce000 	C:\WINDOWS\System32\IMM32.DLL
0x000000006a3f0000 - 0x000000006a4c1000 	D:\Program Files\Java\jdk1.8.0_162\jre\bin\msvcr100.dll
0x00000000687e0000 - 0x0000000069080000 	D:\Program Files\Java\jdk1.8.0_162\jre\bin\server\jvm.dll
0x00007ffec7370000 - 0x00007ffec7378000 	C:\WINDOWS\System32\PSAPI.DLL
0x00007ffeb4410000 - 0x00007ffeb4419000 	C:\WINDOWS\SYSTEM32\WSOCK32.dll
0x00007ffec5190000 - 0x00007ffec51fd000 	C:\WINDOWS\System32\WS2_32.dll
0x00007ffebb4c0000 - 0x00007ffebb4ca000 	C:\WINDOWS\SYSTEM32\VERSION.dll
0x00007ffeb6ad0000 - 0x00007ffeb6af4000 	C:\WINDOWS\SYSTEM32\WINMM.dll
0x00007ffeb6aa0000 - 0x00007ffeb6acd000 	C:\WINDOWS\SYSTEM32\winmmbase.dll
0x00007ffec4270000 - 0x00007ffec42ba000 	C:\WINDOWS\System32\cfgmgr32.dll
0x000000006a540000 - 0x000000006a54f000 	D:\Program Files\Java\jdk1.8.0_162\jre\bin\verify.dll
0x0000000069fa0000 - 0x0000000069fc9000 	D:\Program Files\Java\jdk1.8.0_162\jre\bin\java.dll
0x0000000069ee0000 - 0x0000000069f03000 	D:\Program Files\Java\jdk1.8.0_162\jre\bin\instrument.dll
0x000000006a520000 - 0x000000006a536000 	D:\Program Files\Java\jdk1.8.0_162\jre\bin\zip.dll
0x00007ffec5450000 - 0x00007ffec693f000 	C:\WINDOWS\System32\SHELL32.dll
0x00007ffec7670000 - 0x00007ffec7718000 	C:\WINDOWS\System32\shcore.dll
0x00007ffec4660000 - 0x00007ffec4daa000 	C:\WINDOWS\System32\windows.storage.dll
0x00007ffec3f20000 - 0x00007ffec3f44000 	C:\WINDOWS\System32\profapi.dll
0x00007ffec3f50000 - 0x00007ffec3fad000 	C:\WINDOWS\System32\powrprof.dll
0x00007ffec5130000 - 0x00007ffec5182000 	C:\WINDOWS\System32\shlwapi.dll
0x00007ffec3fb0000 - 0x00007ffec3fc1000 	C:\WINDOWS\System32\kernel.appcore.dll
0x00007ffec4db0000 - 0x00007ffec4dc7000 	C:\WINDOWS\System32\cryptsp.dll
0x00007ffeba670000 - 0x00007ffeba68a000 	D:\Program Files\JetBrains\IntelliJ IDEA 2018.2.2\bin\breakgen64.dll
0x0000000069f80000 - 0x0000000069f9a000 	D:\Program Files\Java\jdk1.8.0_162\jre\bin\net.dll
0x00007ffec3790000 - 0x00007ffec37f7000 	C:\WINDOWS\system32\mswsock.dll
0x0000000069f10000 - 0x0000000069f1d000 	D:\Program Files\Java\jdk1.8.0_162\jre\bin\management.dll
0x0000000069f60000 - 0x0000000069f71000 	D:\Program Files\Java\jdk1.8.0_162\jre\bin\nio.dll
0x00007ffeb4bd0000 - 0x00007ffeb4be6000 	C:\WINDOWS\system32\napinsp.dll
0x00007ffeb43f0000 - 0x00007ffeb440a000 	C:\WINDOWS\system32\pnrpnsp.dll
0x00007ffec3530000 - 0x00007ffec35f6000 	C:\WINDOWS\SYSTEM32\DNSAPI.dll
0x00007ffec6dd0000 - 0x00007ffec6dd8000 	C:\WINDOWS\System32\NSI.dll
0x00007ffec34f0000 - 0x00007ffec352d000 	C:\WINDOWS\SYSTEM32\IPHLPAPI.DLL
0x00007ffeb43e0000 - 0x00007ffeb43ee000 	C:\WINDOWS\System32\winrnr.dll
0x00007ffec0640000 - 0x00007ffec065b000 	C:\WINDOWS\system32\NLAapi.dll
0x00007ffebc870000 - 0x00007ffebc885000 	C:\WINDOWS\system32\wshbth.dll
0x00007ffeb8b40000 - 0x00007ffeb8cbb000 	C:\Program Files (x86)\Sangfor\SSL\ClientComponent\1_SangforTcpX64.dll
0x00007ffec7720000 - 0x00007ffec7875000 	C:\WINDOWS\System32\ole32.dll
0x00007ffec6940000 - 0x00007ffec6a0b000 	C:\WINDOWS\System32\OLEAUT32.dll
0x00007ffec3fd0000 - 0x00007ffec4028000 	C:\WINDOWS\System32\WINTRUST.dll
0x00007ffec3f00000 - 0x00007ffec3f12000 	C:\WINDOWS\System32\MSASN1.dll
0x00007ffec4dd0000 - 0x00007ffec4fab000 	C:\WINDOWS\System32\CRYPT32.dll
0x00007ffebaa40000 - 0x00007ffebaa4a000 	C:\Windows\System32\rasadhlp.dll
0x00007ffebba80000 - 0x00007ffebbaf9000 	C:\WINDOWS\System32\fwpuclnt.dll
0x00007ffec42c0000 - 0x00007ffec42e6000 	C:\WINDOWS\System32\bcrypt.dll
0x00007ffec32f0000 - 0x00007ffec3323000 	C:\WINDOWS\system32\rsaenh.dll
0x00007ffec3e30000 - 0x00007ffec3e58000 	C:\WINDOWS\SYSTEM32\USERENV.dll
0x00007ffec3960000 - 0x00007ffec396c000 	C:\WINDOWS\SYSTEM32\CRYPTBASE.dll
0x00007ffebc3c0000 - 0x00007ffebc3d6000 	C:\WINDOWS\SYSTEM32\dhcpcsvc6.DLL
0x00007ffebbbf0000 - 0x00007ffebbc0c000 	C:\WINDOWS\SYSTEM32\dhcpcsvc.DLL
0x0000000069f30000 - 0x0000000069f54000 	D:\Program Files\Java\jdk1.8.0_162\jre\bin\sunec.dll

VM Arguments:
jvm_args: -XX:TieredStopAtLevel=1 -Xverify:none -Dspring.output.ansi.enabled=always -Dcom.sun.management.jmxremote -Dcom.sun.management.jmxremote.port=8520 -Dcom.sun.management.jmxremote.authenticate=false -Dcom.sun.management.jmxremote.ssl=false -Djava.rmi.server.hostname=localhost -Dspring.liveBeansView.mbeanDomain -Dspring.application.admin.enabled=true -javaagent:D:\Program Files\JetBrains\IntelliJ IDEA 2018.2.2\lib\idea_rt.jar=8521:D:\Program Files\JetBrains\IntelliJ IDEA 2018.2.2\bin -Dfile.encoding=UTF-8 
java_command: com.qk.user.UserApplication
java_class_path (initial): D:\Program Files\Java\jdk1.8.0_162\jre\lib\charsets.jar;D:\Program Files\Java\jdk1.8.0_162\jre\lib\deploy.jar;D:\Program Files\Java\jdk1.8.0_162\jre\lib\ext\access-bridge-64.jar;D:\Program Files\Java\jdk1.8.0_162\jre\lib\ext\cldrdata.jar;D:\Program Files\Java\jdk1.8.0_162\jre\lib\ext\dnsns.jar;D:\Program Files\Java\jdk1.8.0_162\jre\lib\ext\jaccess.jar;D:\Program Files\Java\jdk1.8.0_162\jre\lib\ext\jfxrt.jar;D:\Program Files\Java\jdk1.8.0_162\jre\lib\ext\localedata.jar;D:\Program Files\Java\jdk1.8.0_162\jre\lib\ext\nashorn.jar;D:\Program Files\Java\jdk1.8.0_162\jre\lib\ext\sunec.jar;D:\Program Files\Java\jdk1.8.0_162\jre\lib\ext\sunjce_provider.jar;D:\Program Files\Java\jdk1.8.0_162\jre\lib\ext\sunmscapi.jar;D:\Program Files\Java\jdk1.8.0_162\jre\lib\ext\sunpkcs11.jar;D:\Program Files\Java\jdk1.8.0_162\jre\lib\ext\zipfs.jar;D:\Program Files\Java\jdk1.8.0_162\jre\lib\javaws.jar;D:\Program Files\Java\jdk1.8.0_162\jre\lib\jce.jar;D:\Program Files\Java\jdk1.8.0_162\jre\lib\jfr.jar;D:\Program Files\Java\jdk1.8.0_162\jre\lib\jfxswt.jar;D:\Program Files\Java\jdk1.8.0_162\jre\lib\jsse.jar;D:\Program Files\Java\jdk1.8.0_162\jre\lib\management-agent.jar;D:\Program Files\Java\jdk1.8.0_162\jre\lib\plugin.jar;D:\Program Files\Java\jdk1.8.0_162\jre\lib\resources.jar;D:\Program Files\Java\jdk1.8.0_162\jre\lib\rt.jar;D:\JAVA\QK_PROJECT\user\target\classes;D:\Program Files\mvn\org\springframework\cloud\spring-cloud-starter-netflix-eureka-client\2.0.2.RELEASE\spring-cloud-starter-netflix-eureka-client-2.0.2.RELEASE.jar;D:\Program Files\mvn\org\springframework\cloud\spring-cloud-starter\2.0.2.RELEASE\spring-cloud-starter-2.0.2.RELEASE.jar;D:\Program Files\mvn\org\springframework\security\spring-security-rsa\1.0.7.RELEASE\spring-security-rsa-1.0.7.RELEASE.jar;D:\Program Files\mvn\org\bouncycastle\bcpkix-jdk15on\1.60\bcpkix-jdk15on-1.60.jar;D:\Program Files\mvn\org\bouncycastle\bcprov-jdk15on\1.60\bcprov-jdk15on-1.60.jar;D:\Program Files\mvn\org\springframewo
Launcher Type: SUN_STANDARD

Environment Variables:
JAVA_HOME=D:\Program Files\Java\jdk1.8.0_162
CLASSPATH=.;D:\Program Files\Java\jdk1.8.0_162\lib;D:\Program Files\Java\jdk1.8.0_162\lib\tools.jar
PATH=C:\Program Files (x86)\Common Files\Oracle\Java\javapath;C:\ProgramData\Oracle\Java\javapath;C:\Program Files (x86)\Intel\iCLS Client\;C:\Program Files\Intel\iCLS Client\;C:\WINDOWS\system32;C:\WINDOWS;C:\WINDOWS\System32\Wbem;C:\WINDOWS\System32\WindowsPowerShell\v1.0\;C:\Program Files (x86)\Intel\Intel(R) Management Engine Components\DAL;C:\Program Files\Intel\Intel(R) Management Engine Components\DAL;C:\Program Files (x86)\Intel\Intel(R) Management Engine Components\IPT;C:\Program Files\Intel\Intel(R) Management Engine Components\IPT;"D:\Program Files\Java\jdk1.8.0_162\bin;D:\Program Files\Java\jdk1.8.0_162\jre\bin;";C:\Program Files (x86)\Windows Kits\8.1\Windows Performance Toolkit\;C:\Program Files\Microsoft SQL Server\110\Tools\Binn\;D:\Program Files\nodejs\;C:\WINDOWS\System32\OpenSSH\;C:\Program Files\MySQL\MySQL Utilities 1.6\;D:\Program Files\Android\SDK\platform-tools;D:\Program Files\Android\SDK\tools;C:\Program Files\TortoiseSVN\bin;D:\apache-maven-3.5.2\bin;D:\Program Files\Git\cmd;C:\Users\Apple\AppData\Local\Programs\Python\Python37\Scripts\;C:\Users\Apple\AppData\Local\Programs\Python\Python37\;C:\Users\Apple\AppData\Local\Microsoft\WindowsApps;D:\Program Files\nodejs\node_global;D:\Program\VSCode\Microsoft VS Code\bin
USERNAME=Apple
OS=Windows_NT
PROCESSOR_IDENTIFIER=Intel64 Family 6 Model 71 Stepping 1, GenuineIntel



---------------  S Y S T E M  ---------------

OS: Windows 10.0 , 64 bit Build 17763 (10.0.17763.292)

CPU:total 4 (initial active 4) (4 cores per cpu, 1 threads per core) family 6 model 71 stepping 1, cmov, cx8, fxsr, mmx, sse, sse2, sse3, ssse3, sse4.1, sse4.2, popcnt, avx, avx2, aes, clmul, erms, rtm, 3dnowpref, lzcnt, tsc, tscinvbit, bmi1, bmi2, adx

Memory: 4k page, physical 8255924k(485908k free), swap 25673264k(2136k free)

vm_info: Java HotSpot(TM) 64-Bit Server VM (25.162-b12) for windows-amd64 JRE (1.8.0_162-b12), built on Dec 19 2017 20:00:03 by "java_re" with MS VC++ 10.0 (VS2010)

time: Tue Mar 12 08:41:46 2019
elapsed time: 12 seconds (0d 0h 0m 12s)

